<?xml version="1.0" encoding="UTF-8"?>
<!-- Generated by org.testng.reporters.JUnitReportReporter -->
<testsuite hostname="Sachin-Laptop" failures="0" tests="1" name="academy.Validatetestng" time="8.533" errors="0" timestamp="2022-03-03T16:10:55 IST" skipped="0">
  <testcase classname="academy.Validatetestng" name="basePathNavigation" time="8.533"/>
  <system-out/>
</testsuite> <!-- academy.Validatetestng -->
