<?xml version="1.0" encoding="UTF-8"?>
<!-- Generated by org.testng.reporters.JUnitReportReporter -->
<testsuite hostname="Sachin-Laptop" failures="0" tests="2" name="academy.HomePage" time="5.347" errors="0" timestamp="2022-03-03T16:10:55 IST" skipped="0">
  <testcase classname="academy.HomePage" name="basePathNavigation" time="1.870"/>
  <system-out/>
  <testcase classname="academy.HomePage" name="basePathNavigation" time="3.477"/>
  <system-out/>
</testsuite> <!-- academy.HomePage -->
