<?xml version="1.0" encoding="UTF-8"?>
<!-- Generated by org.testng.reporters.JUnitReportReporter -->
<testsuite hostname="Sachin-Laptop" failures="0" tests="1" name="academy.Base" time="0.005" errors="0" timestamp="2022-02-23T22:06:28 IST" skipped="0">
  <testcase classname="academy.Base" name="tets" time="0.005"/>
  <system-out/>
</testsuite> <!-- academy.Base -->
